<?xml version="1.0" encoding="utf-8"?><testsuites><testsuite name="pytest" errors="0" failures="0" skipped="0" tests="1" time="0.027" timestamp="2023-11-28T18:54:39.240086" hostname="GRAD0306UBUNTU"><testcase classname="tests.test_dummy" name="test_dummy" time="0.001" /></testsuite></testsuites>
