<?xml version="1.0" encoding="utf-8"?><testsuites><testsuite name="pytest" errors="0" failures="0" skipped="0" tests="14" time="0.497" timestamp="2023-12-03T03:33:56.229872" hostname="Scarecrow-PC"><testcase classname="tests.test_day_1_solution" name="test_day_1_calibration_report" time="0.004" /><testcase classname="tests.test_day_1_solution" name="test_day_1_calibration_report_adjacent" time="0.001" /><testcase classname="tests.test_day_1_solution" name="test_day_1_calibration_report_alphanumeric" time="0.002" /><testcase classname="tests.test_day_2_solution" name="test_split_game" time="0.001" /><testcase classname="tests.test_day_2_solution" name="test_is_game_posible_true" time="0.001" /><testcase classname="tests.test_day_2_solution" name="test_is_game_posible_too_many_reds" time="0.001" /><testcase classname="tests.test_day_2_solution" name="test_is_game_posible_too_many_greens" time="0.001" /><testcase classname="tests.test_day_2_solution" name="test_is_game_posible_too_many_blues" time="0.001" /><testcase classname="tests.test_day_2_solution" name="test_day_2_possible_games" time="0.001" /><testcase classname="tests.test_day_2_solution" name="test_day_2_minimum_number_of_cubes_per_game" time="0.001" /><testcase classname="tests.test_day_2_solution" name="test_get_min_posible_values_for_game" time="0.001" /><testcase classname="tests.test_day_2_solution" name="test_compute_sum_of_powers" time="0.001" /><testcase classname="tests.common.test_load_file" name="test_load_input_file_exist" time="0.002" /><testcase classname="tests.common.test_load_file" name="test_load_input_file_nonexistent" time="0.001" /></testsuite></testsuites>