<?xml version="1.0" encoding="utf-8"?><testsuites><testsuite name="pytest" errors="0" failures="0" skipped="0" tests="5" time="0.354" timestamp="2023-12-01T18:49:22.240505" hostname="GRAD0306UBUNTU"><testcase classname="tests.test_day_1_solution" name="test_day_1_calibration_report" time="0.009" /><testcase classname="tests.test_day_1_solution" name="test_day_1_calibration_report_adjacent" time="0.001" /><testcase classname="tests.test_day_1_solution" name="test_day_1_calibration_report_alphanumeric" time="0.002" /><testcase classname="tests.common.test_load_file" name="test_load_input_file_exist" time="0.001" /><testcase classname="tests.common.test_load_file" name="test_load_input_file_nonexistent" time="0.001" /></testsuite></testsuites>
