<?xml version="1.0" encoding="utf-8"?><testsuites><testsuite name="pytest" errors="0" failures="0" skipped="0" tests="24" time="0.606" timestamp="2023-12-04T02:38:30.122536" hostname="Scarecrow-PC"><testcase classname="tests.common.test_load_file" name="test_load_input_file_exist" time="0.003" /><testcase classname="tests.common.test_load_file" name="test_load_input_file_nonexistent" time="0.001" /><testcase classname="tests.problems.test_day_1" name="test_day_1_calibration_report" time="0.002" /><testcase classname="tests.problems.test_day_1" name="test_day_1_calibration_report_adjacent" time="0.001" /><testcase classname="tests.problems.test_day_1" name="test_day_1_calibration_report_alphanumeric" time="0.002" /><testcase classname="tests.problems.test_day_2" name="test_split_game" time="0.001" /><testcase classname="tests.problems.test_day_2" name="test_is_game_posible_true" time="0.001" /><testcase classname="tests.problems.test_day_2" name="test_is_game_posible_too_many_reds" time="0.001" /><testcase classname="tests.problems.test_day_2" name="test_is_game_posible_too_many_greens" time="0.001" /><testcase classname="tests.problems.test_day_2" name="test_is_game_posible_too_many_blues" time="0.001" /><testcase classname="tests.problems.test_day_2" name="test_day_2_possible_games" time="0.001" /><testcase classname="tests.problems.test_day_2" name="test_day_2_minimum_number_of_cubes_per_game" time="0.001" /><testcase classname="tests.problems.test_day_2" name="test_get_min_posible_values_for_game" time="0.001" /><testcase classname="tests.problems.test_day_2" name="test_compute_sum_of_powers" time="0.001" /><testcase classname="tests.problems.test_day_3" name="test_find_adjacent_parts" time="0.001" /><testcase classname="tests.problems.test_day_3" name="test_find_adjacent_parts_longer_input" time="0.001" /><testcase classname="tests.problems.test_day_3" name="test_compute_parts_sum" time="0.001" /><testcase classname="tests.problems.test_day_3" name="test_number_class" time="0.001" /><testcase classname="tests.problems.test_day_3" name="test_symbol_class" time="0.001" /><testcase classname="tests.problems.test_day_3" name="test_parse_lines" time="0.001" /><testcase classname="tests.problems.test_day_3" name="test_gear_class" time="0.001" /><testcase classname="tests.problems.test_day_3" name="test_filter_gears" time="0.001" /><testcase classname="tests.problems.test_day_3" name="test_find_gears" time="0.001" /><testcase classname="tests.problems.test_day_3" name="test_compute_gear_ratios" time="0.001" /></testsuite></testsuites>